<?xml version="1.0" encoding="utf-8"?><testsuites><testsuite errors="0" failures="0" hostname="DESKTOP-00SVLVA" name="pytest" skipped="0" tests="3" time="37.094" timestamp="2020-07-13T20:52:58.476357"><testcase classname="tst_001.Test_001" file="tst_001.py" line="24" name="test_001" time="15.050"></testcase><testcase classname="tst_002.Test_002" file="tst_002.py" line="23" name="test_002" time="7.140"></testcase><testcase classname="tst_003.Test_003" file="tst_003.py" line="25" name="test_003" time="13.973"></testcase></testsuite></testsuites>